  演讲比赛管理系统.cpp
D:\Desktop\工具\c语言\演讲比赛流程管理系统\演讲比赛流程管理系统\演讲比赛管理系统.cpp(253,19): warning C4267: “=”: 从“size_t”转换到“int”，可能丢失数据
D:\VisualStudio\VC\Tools\MSVC\14.43.34808\include\numeric(33,26): warning C4244: “=”: 从“double”转换到“_Ty”，可能丢失数据
D:\VisualStudio\VC\Tools\MSVC\14.43.34808\include\numeric(33,26): warning C4244:         with
D:\VisualStudio\VC\Tools\MSVC\14.43.34808\include\numeric(33,26): warning C4244:         [
D:\VisualStudio\VC\Tools\MSVC\14.43.34808\include\numeric(33,26): warning C4244:             _Ty=float
D:\VisualStudio\VC\Tools\MSVC\14.43.34808\include\numeric(33,26): warning C4244:         ]
  (编译源文件“演讲比赛管理系统.cpp”)
      D:\VisualStudio\VC\Tools\MSVC\14.43.34808\include\numeric(33,26):
      模板实例化上下文(最早的实例化上下文)为
          D:\Desktop\工具\c语言\演讲比赛流程管理系统\演讲比赛流程管理系统\演讲比赛管理系统.cpp(166,10):
          查看对正在编译的函数 模板 实例化“_Ty std::accumulate<std::_Deque_iterator<std::_Deque_val<std::_Deque_simple_types<double>>>,float>(const _InIt,const _InIt,_Ty)”的引用
          with
          [
              _Ty=float,
              _InIt=std::_Deque_iterator<std::_Deque_val<std::_Deque_simple_types<double>>>
          ]
          D:\VisualStudio\VC\Tools\MSVC\14.43.34808\include\numeric(42,17):
          查看对正在编译的函数 模板 实例化“_Ty std::accumulate<_InIt,_Ty,std::plus<void>>(const _InIt,const _InIt,_Ty,_Fn)”的引用
          with
          [
              _Ty=float,
              _InIt=std::_Deque_iterator<std::_Deque_val<std::_Deque_simple_types<double>>>,
              _Fn=std::plus<void>
          ]
  
  演讲比赛流程管理系统.vcxproj -> D:\Desktop\工具\c语言\演讲比赛流程管理系统\x64\Debug\演讲比赛流程管理系统.exe
